<?xml version="1.0" encoding="UTF-8"?>
<testng-results ignored="0" total="1" passed="1" failed="0" skipped="0">
  <reporter-output>
  </reporter-output>
  <suite started-at="2022-10-16T20:00:24 IST" name="Suite" finished-at="2022-10-16T20:00:24 IST" duration-ms="62">
    <groups>
    </groups>
    <test started-at="2022-10-16T20:00:24 IST" name="Test" finished-at="2022-10-16T20:00:24 IST" duration-ms="62">
      <class name="com.sel.mvn.testMvn">
        <test-method signature="LoadURL()[pri:0, instance:com.sel.mvn.testMvn@6aba2b86]" started-at="2022-10-16T20:00:24 IST" name="LoadURL" finished-at="2022-10-16T20:00:24 IST" duration-ms="14" status="PASS">
          <reporter-output>
          </reporter-output>
        </test-method> <!-- LoadURL -->
      </class> <!-- com.sel.mvn.testMvn -->
    </test> <!-- Test -->
  </suite> <!-- Suite -->
</testng-results>
