<?xml version="1.0" encoding="UTF-8"?>
<testng-results ignored="0" total="1" passed="1" failed="0" skipped="0">
  <reporter-output>
  </reporter-output>
  <suite started-at="2023-01-20T12:26:21 IST" name="Default suite" finished-at="2023-01-20T12:26:21 IST" duration-ms="86">
    <groups>
    </groups>
    <test started-at="2023-01-20T12:26:21 IST" name="Default test" finished-at="2023-01-20T12:26:21 IST" duration-ms="86">
      <class name="com.sel.mvn.testMvn">
        <test-method signature="LoadURL()[pri:0, instance:com.sel.mvn.testMvn@6aba2b86]" started-at="2023-01-20T12:26:21 IST" name="LoadURL" finished-at="2023-01-20T12:26:21 IST" duration-ms="17" status="PASS">
          <reporter-output>
          </reporter-output>
        </test-method> <!-- LoadURL -->
      </class> <!-- com.sel.mvn.testMvn -->
    </test> <!-- Default test -->
  </suite> <!-- Default suite -->
</testng-results>
